# JRE version: Java(TM) SE Runtime Environment (8.0_144-b01) (build 1.8.0_144-b01)
# Java VM: Java HotSpot(TM) Client VM (25.144-b01 mixed mode windows-x86 )
Heap:
 def new generation   total 4928K, used 3352K [0x04400000, 0x04950000, 0x09950000)
  eden space 4416K,  74% used [0x04400000, 0x047334b0, 0x04850000)
  from space 512K,  14% used [0x04850000, 0x04862f28, 0x048d0000)
  to   space 512K,   0% used [0x048d0000, 0x048d0000, 0x04950000)
 tenured generation   total 13448K, used 11006K [0x09950000, 0x0a672000, 0x14400000)
   the space 13448K,  81% used [0x09950000, 0x0a40f948, 0x0a40fa00, 0x0a672000)
 Metaspace       used 7316K, capacity 7565K, committed 7680K, reserved 8576K
GC Heap History (8 events):
Event: 7.181 GC heap before
{Heap before GC invocations=0 (full 0):
 def new generation   total 4928K, used 3699K [0x04400000, 0x04950000, 0x09950000)
  eden space 4416K,  83% used [0x04400000, 0x0479cc88, 0x04850000)
  from space 512K,   0% used [0x04850000, 0x04850000, 0x048d0000)
  to   space 512K,   0% used [0x048d0000, 0x048d0000, 0x04950000)
 tenured generation   total 10944K, used 0K [0x09950000, 0x0a400000, 0x14400000)
   the space 10944K,   0% used [0x09950000, 0x09950000, 0x09950200, 0x0a400000)
 Metaspace       used 4637K, capacity 4811K, committed 4864K, reserved 5504K
Event: 7.186 GC heap after
Heap after GC invocations=1 (full 0):
 def new generation   total 4928K, used 512K [0x04400000, 0x04950000, 0x09950000)
  eden space 4416K,   0% used [0x04400000, 0x04400000, 0x04850000)
  from space 512K, 100% used [0x048d0000, 0x04950000, 0x04950000)
  to   space 512K,   0% used [0x04850000, 0x04850000, 0x048d0000)
 tenured generation   total 10944K, used 554K [0x09950000, 0x0a400000, 0x14400000)
   the space 10944K,   5% used [0x09950000, 0x099da9e0, 0x099daa00, 0x0a400000)
 Metaspace       used 4637K, capacity 4811K, committed 4864K, reserved 5504K
}
Event: 7.449 GC heap before
{Heap before GC invocations=1 (full 0):
 def new generation   total 4928K, used 3125K [0x04400000, 0x04950000, 0x09950000)
  eden space 4416K,  59% used [0x04400000, 0x0468d640, 0x04850000)
  from space 512K, 100% used [0x048d0000, 0x04950000, 0x04950000)
  to   space 512K,   0% used [0x04850000, 0x04850000, 0x048d0000)
 tenured generation   total 10944K, used 554K [0x09950000, 0x0a400000, 0x14400000)
   the space 10944K,   5% used [0x09950000, 0x099da9e0, 0x099daa00, 0x0a400000)
 Metaspace       used 5946K, capacity 6128K, committed 6144K, reserved 6528K
Event: 7.456 GC heap after
Heap after GC invocations=2 (full 0):
 def new generation   total 4928K, used 257K [0x04400000, 0x04950000, 0x09950000)
  eden space 4416K,   0% used [0x04400000, 0x04400000, 0x04850000)
  from space 512K,  50% used [0x04850000, 0x04890718, 0x048d0000)
  to   space 512K,   0% used [0x048d0000, 0x048d0000, 0x04950000)
 tenured generation   total 10944K, used 3113K [0x09950000, 0x0a400000, 0x14400000)
   the space 10944K,  28% used [0x09950000, 0x09c5a570, 0x09c5a600, 0x0a400000)
 Metaspace       used 5946K, capacity 6128K, committed 6144K, reserved 6528K
}
Event: 7.457 GC heap before
{Heap before GC invocations=2 (full 0):
 def new generation   total 4928K, used 2921K [0x04400000, 0x04950000, 0x09950000)
  eden space 4416K,  60% used [0x04400000, 0x04699e98, 0x04850000)
  from space 512K,  50% used [0x04850000, 0x04890718, 0x048d0000)
  to   space 512K,   0% used [0x048d0000, 0x048d0000, 0x04950000)
 tenured generation   total 10944K, used 3113K [0x09950000, 0x0a400000, 0x14400000)
   the space 10944K,  28% used [0x09950000, 0x09c5a570, 0x09c5a600, 0x0a400000)
 Metaspace       used 5946K, capacity 6128K, committed 6144K, reserved 6528K
Event: 7.460 GC heap after
Heap after GC invocations=3 (full 0):
 def new generation   total 4928K, used 0K [0x04400000, 0x04950000, 0x09950000)
  eden space 4416K,   0% used [0x04400000, 0x04400000, 0x04850000)
  from space 512K,   0% used [0x048d0000, 0x048d01e8, 0x04950000)
  to   space 512K,   0% used [0x04850000, 0x04850000, 0x048d0000)
 tenured generation   total 10944K, used 5870K [0x09950000, 0x0a400000, 0x14400000)
   the space 10944K,  53% used [0x09950000, 0x09f0ba80, 0x09f0bc00, 0x0a400000)
 Metaspace       used 5946K, capacity 6128K, committed 6144K, reserved 6528K
}
Event: 7.560 GC heap before
{Heap before GC invocations=3 (full 0):
 def new generation   total 4928K, used 2775K [0x04400000, 0x04950000, 0x09950000)
  eden space 4416K,  62% used [0x04400000, 0x046b5a48, 0x04850000)
  from space 512K,   0% used [0x048d0000, 0x048d01e8, 0x04950000)
  to   space 512K,   0% used [0x04850000, 0x04850000, 0x048d0000)
 tenured generation   total 10944K, used 8506K [0x09950000, 0x0a400000, 0x14400000)
   the space 10944K,  77% used [0x09950000, 0x0a19e938, 0x0a19ea00, 0x0a400000)
 Metaspace       used 6212K, capacity 6387K, committed 6400K, reserved 6528K
Event: 7.566 GC heap after
Heap after GC invocations=4 (full 0):
 def new generation   total 4928K, used 75K [0x04400000, 0x04950000, 0x09950000)
  eden space 4416K,   0% used [0x04400000, 0x04400000, 0x04850000)
  from space 512K,  14% used [0x04850000, 0x04862f28, 0x048d0000)
  to   space 512K,   0% used [0x048d0000, 0x048d0000, 0x04950000)
 tenured generation   total 13448K, used 11006K [0x09950000, 0x0a672000, 0x14400000)
   the space 13448K,  81% used [0x09950000, 0x0a40f948, 0x0a40fa00, 0x0a672000)
 Metaspace       used 6212K, capacity 6387K, committed 6400K, reserved 6528K
}

